This is pdfTeX, Version 3.14159265-2.6-1.40.17 (TeX Live 2016) (preloaded format=pdflatex 2016.9.19)  8 JAN 2017 15:33
entering extended mode
 restricted \write18 enabled.
 file:line:error style messages enabled.
 %&-line parsing enabled.
**CVIU-Peyre-ManifoldModels.tex
(./CVIU-Peyre-ManifoldModels.tex
LaTeX2e <2016/03/31>
Babel <3.9r> and hyphenation patterns for 83 language(s) loaded.
(./elsart.cls
Document Class: elsart 2007/08/16, 2.20: Elsevier
\@frontmatterwidth=\dimen102
\@bls=\dimen103
\eqntopsep=\skip41
\eqnarraycolsep=\dimen104
\labelwidthi=\dimen105
\labelwidthii=\dimen106
\labelwidthiii=\dimen107
\labelwidthiv=\dimen108
\@maxlistdepth=\count79
\eqnbaselineskip=\skip42
\eqnlineskip=\skip43
\mathindent=\dimen109
\rulepreskip=\dimen110
\rulepostskip=\dimen111
\c@section=\count80
\c@subsection=\count81
\c@subsubsection=\count82
\c@paragraph=\count83
\c@subparagraph=\count84
(/usr/local/texlive/2016/texmf-dist/tex/latex/base/latexsym.sty
Package: latexsym 1998/08/17 v2.2e Standard LaTeX package (lasy symbols)
\symlasy=\mathgroup4
LaTeX Font Info:    Overwriting symbol font `lasy' in version `bold'
(Font)                  U/lasy/m/n --> U/lasy/b/n on input line 52.
)
\c@thm=\count85
\c@alg=\count86
\c@algorithm=\count87
\c@note=\count88
\c@summ=\count89
\c@case=\count90
\@tempcntc=\count91
\c@figure=\count92
\c@table=\count93
\t@glob@notes=\toks14
\t@loc@notes=\toks15
\note@cnt=\count94
\corauth@text=\toks16
\email@text=\toks17
\url@text=\toks18
\c@corauth=\count95
\c@author=\count96
\n@author=\count97
\c@collab=\count98
\n@collab=\count99
\c@address=\count100
\sv@mathsurround=\dimen112
\sv@hyphenpenalty=\count101
\prev@elem=\count102
\cur@elem=\count103
\fm@box=\box26
\fm@size=\dimen113
\t@abstract=\box27
\t@keyword=\box28
\t@xtheight=\dimen114
\@logoheight=\dimen115
\@pubyear=\count104
\c@firstpage=\count105
\c@lastpage=\count106
\slashbox=\box29
LaTeX Font Info:    External font `cmex10' loaded for size
(Font)              <12> on input line 1415.
LaTeX Font Info:    External font `cmex10' loaded for size
(Font)              <8> on input line 1415.
LaTeX Font Info:    External font `cmex10' loaded for size
(Font)              <6> on input line 1415.
LaTeX Font Info:    Try loading font information for U+lasy on input line 1415.


(/usr/local/texlive/2016/texmf-dist/tex/latex/base/ulasy.fd
File: ulasy.fd 1998/08/17 v2.2e LaTeX symbol font definitions
)
\Slashbox=\box30
LaTeX Font Info:    External font `cmex10' loaded for size
(Font)              <14.4> on input line 1416.
LaTeX Font Info:    External font `cmex10' loaded for size
(Font)              <7> on input line 1416.
) (./gpeyre.sty
(/usr/local/texlive/2016/texmf-dist/tex/latex/amsmath/amsmath.sty
Package: amsmath 2016/03/10 v2.15b AMS math features
\@mathmargin=\skip44

For additional information on amsmath, use the `?' option.
(/usr/local/texlive/2016/texmf-dist/tex/latex/amsmath/amstext.sty
Package: amstext 2000/06/29 v2.01 AMS text

(/usr/local/texlive/2016/texmf-dist/tex/latex/amsmath/amsgen.sty
File: amsgen.sty 1999/11/30 v2.0 generic functions
\@emptytoks=\toks19
\ex@=\dimen116
))
(/usr/local/texlive/2016/texmf-dist/tex/latex/amsmath/amsbsy.sty
Package: amsbsy 1999/11/29 v1.2d Bold Symbols
\pmbraise@=\dimen117
)
(/usr/local/texlive/2016/texmf-dist/tex/latex/amsmath/amsopn.sty
Package: amsopn 2016/03/08 v2.02 operator names
LaTeX Info: Redefining \operatorname on input line 43.
)
\inf@bad=\count107
LaTeX Info: Redefining \frac on input line 199.
\uproot@=\count108
\leftroot@=\count109
LaTeX Info: Redefining \overline on input line 297.
\classnum@=\count110
\DOTSCASE@=\count111
LaTeX Info: Redefining \ldots on input line 394.
LaTeX Info: Redefining \dots on input line 397.
LaTeX Info: Redefining \cdots on input line 518.
\Mathstrutbox@=\box31
\strutbox@=\box32
\big@size=\dimen118
LaTeX Font Info:    Redeclaring font encoding OML on input line 634.
LaTeX Font Info:    Redeclaring font encoding OMS on input line 635.
\macc@depth=\count112
\c@MaxMatrixCols=\count113
\dotsspace@=\muskip10
\c@parentequation=\count114
\dspbrk@lvl=\count115
\tag@help=\toks20
\row@=\count116
\column@=\count117
\maxfields@=\count118
\andhelp@=\toks21
\eqnshift@=\dimen119
\alignsep@=\dimen120
\tagshift@=\dimen121
\tagwidth@=\dimen122
\totwidth@=\dimen123
\lineht@=\dimen124
\@envbody=\toks22
\multlinegap=\skip45
\multlinetaggap=\skip46
\mathdisplay@stack=\toks23
LaTeX Info: Redefining \[ on input line 2739.
LaTeX Info: Redefining \] on input line 2740.
)
(/usr/local/texlive/2016/texmf-dist/tex/latex/amsfonts/amsfonts.sty
Package: amsfonts 2013/01/14 v3.01 Basic AMSFonts support
\symAMSa=\mathgroup5
\symAMSb=\mathgroup6
LaTeX Font Info:    Overwriting math alphabet `\mathfrak' in version `bold'
(Font)                  U/euf/m/n --> U/euf/b/n on input line 106.
)
(/usr/local/texlive/2016/texmf-dist/tex/latex/amsfonts/amssymb.sty
Package: amssymb 2013/01/14 v3.01 AMS font symbols
)
(/usr/local/texlive/2016/texmf-dist/tex/latex/graphics/graphicx.sty
Package: graphicx 2014/10/28 v1.0g Enhanced LaTeX Graphics (DPC,SPQR)

(/usr/local/texlive/2016/texmf-dist/tex/latex/graphics/keyval.sty
Package: keyval 2014/10/28 v1.15 key=value parser (DPC)
\KV@toks@=\toks24
)
(/usr/local/texlive/2016/texmf-dist/tex/latex/graphics/graphics.sty
Package: graphics 2016/05/09 v1.0r Standard LaTeX Graphics (DPC,SPQR)

(/usr/local/texlive/2016/texmf-dist/tex/latex/graphics/trig.sty
Package: trig 2016/01/03 v1.10 sin cos tan (DPC)
)
(/usr/local/texlive/2016/texmf-dist/tex/latex/graphics-cfg/graphics.cfg
File: graphics.cfg 2016/01/02 v1.10 sample graphics configuration
)
Package graphics Info: Driver file: pdftex.def on input line 96.

(/usr/local/texlive/2016/texmf-dist/tex/latex/pdftex-def/pdftex.def
File: pdftex.def 2011/05/27 v0.06d Graphics/color for pdfTeX

(/usr/local/texlive/2016/texmf-dist/tex/generic/oberdiek/infwarerr.sty
Package: infwarerr 2016/05/16 v1.4 Providing info/warning/error messages (HO)
)
(/usr/local/texlive/2016/texmf-dist/tex/generic/oberdiek/ltxcmds.sty
Package: ltxcmds 2016/05/16 v1.23 LaTeX kernel commands for general use (HO)
)
\Gread@gobject=\count119
))
\Gin@req@height=\dimen125
\Gin@req@width=\dimen126
)
(/usr/local/texlive/2016/texmf-dist/tex/latex/tools/array.sty
Package: array 2014/10/28 v2.4c Tabular extension package (FMi)
\col@sep=\dimen127
\extrarowheight=\dimen128
\NC@list=\toks25
\extratabsurround=\skip47
\backup@length=\skip48
)
(/usr/local/texlive/2016/texmf-dist/tex/latex/tools/tabularx.sty
Package: tabularx 2016/02/03 v2.11 `tabularx' package (DPC)
\TX@col@width=\dimen129
\TX@old@table=\dimen130
\TX@old@col=\dimen131
\TX@target=\dimen132
\TX@delta=\dimen133
\TX@cols=\count120
\TX@ftn=\toks26
)
(/usr/local/texlive/2016/texmf-dist/tex/latex/tools/indentfirst.sty
Package: indentfirst 1995/11/23 v1.03 Indent first paragraph (DPC)
)
(/usr/local/texlive/2016/texmf-dist/tex/latex/float/float.sty
Package: float 2001/11/08 v1.3d Float enhancements (AL)
\c@float@type=\count121
\float@exts=\toks27
\float@box=\box33
\@float@everytoks=\toks28
\@floatcapt=\box34
)
\@float@every@listing=\toks29
\c@listing=\count122
\restsubwidth=\skip49
\restsubheight=\skip50
\restsubmoreheight=\skip51
)
(/usr/local/texlive/2016/texmf-dist/tex/latex/graphics/epsfig.sty
Package: epsfig 1999/02/16 v1.7a (e)psfig emulation (SPQR)
\epsfxsize=\dimen134
\epsfysize=\dimen135
)
(/usr/local/texlive/2016/texmf-dist/tex/latex/oberdiek/epstopdf.sty
Package: epstopdf 2016/05/15 v2.6 Conversion with epstopdf on the fly (HO)

(/usr/local/texlive/2016/texmf-dist/tex/latex/oberdiek/epstopdf-base.sty
Package: epstopdf-base 2016/05/15 v2.6 Base part for package epstopdf

(/usr/local/texlive/2016/texmf-dist/tex/latex/oberdiek/grfext.sty
Package: grfext 2016/05/16 v1.2 Manage graphics extensions (HO)

(/usr/local/texlive/2016/texmf-dist/tex/generic/oberdiek/kvdefinekeys.sty
Package: kvdefinekeys 2016/05/16 v1.4 Define keys (HO)
))
(/usr/local/texlive/2016/texmf-dist/tex/latex/oberdiek/kvoptions.sty
Package: kvoptions 2016/05/16 v3.12 Key value format for package options (HO)

(/usr/local/texlive/2016/texmf-dist/tex/generic/oberdiek/kvsetkeys.sty
Package: kvsetkeys 2016/05/16 v1.17 Key value parser (HO)

(/usr/local/texlive/2016/texmf-dist/tex/generic/oberdiek/etexcmds.sty
Package: etexcmds 2016/05/16 v1.6 Avoid name clashes with e-TeX commands (HO)

(/usr/local/texlive/2016/texmf-dist/tex/generic/oberdiek/ifluatex.sty
Package: ifluatex 2016/05/16 v1.4 Provides the ifluatex switch (HO)
Package ifluatex Info: LuaTeX not detected.
)
Package etexcmds Info: Could not find \expanded.
(etexcmds)             That can mean that you are not using pdfTeX 1.50 or
(etexcmds)             that some package has redefined \expanded.
(etexcmds)             In the latter case, load this package earlier.
)))
(/usr/local/texlive/2016/texmf-dist/tex/generic/oberdiek/pdftexcmds.sty
Package: pdftexcmds 2016/05/10 v0.21 Utility functions of pdfTeX for LuaTeX (HO
)

(/usr/local/texlive/2016/texmf-dist/tex/generic/oberdiek/ifpdf.sty
Package: ifpdf 2016/05/14 v3.1 Provides the ifpdf switch
)
Package pdftexcmds Info: LuaTeX not detected.
Package pdftexcmds Info: \pdf@primitive is available.
Package pdftexcmds Info: \pdf@ifprimitive is available.
Package pdftexcmds Info: \pdfdraftmode found.
)
Package grfext Info: Graphics extension search list:
(grfext)             [.png,.pdf,.jpg,.mps,.jpeg,.jbig2,.jb2,.PNG,.PDF,.JPG,.JPE
G,.JBIG2,.JB2,.eps]
(grfext)             \AppendGraphicsExtensions on input line 456.

(/usr/local/texlive/2016/texmf-dist/tex/latex/latexconfig/epstopdf-sys.cfg
File: epstopdf-sys.cfg 2010/07/13 v1.3 Configuration of (r)epstopdf for TeX Liv
e
)))
(./CVIU-Peyre-ManifoldModels.aux)
\openout1 = `CVIU-Peyre-ManifoldModels.aux'.

LaTeX Font Info:    Checking defaults for OML/cmm/m/it on input line 29.
LaTeX Font Info:    ... okay on input line 29.
LaTeX Font Info:    Checking defaults for T1/cmr/m/n on input line 29.
LaTeX Font Info:    ... okay on input line 29.
LaTeX Font Info:    Checking defaults for OT1/cmr/m/n on input line 29.
LaTeX Font Info:    ... okay on input line 29.
LaTeX Font Info:    Checking defaults for OMS/cmsy/m/n on input line 29.
LaTeX Font Info:    ... okay on input line 29.
LaTeX Font Info:    Checking defaults for OMX/cmex/m/n on input line 29.
LaTeX Font Info:    ... okay on input line 29.
LaTeX Font Info:    Checking defaults for U/cmr/m/n on input line 29.
LaTeX Font Info:    ... okay on input line 29.

(/usr/local/texlive/2016/texmf-dist/tex/context/base/mkii/supp-pdf.mkii
[Loading MPS to PDF converter (version 2006.09.02).]
\scratchcounter=\count123
\scratchdimen=\dimen136
\scratchbox=\box35
\nofMPsegments=\count124
\nofMParguments=\count125
\everyMPshowfont=\toks30
\MPscratchCnt=\count126
\MPscratchDim=\dimen137
\MPnumerator=\count127
\makeMPintoPDFobject=\count128
\everyMPtoPDFconversion=\toks31
)
LaTeX Font Info:    Try loading font information for U+msa on input line 33.
 (/usr/local/texlive/2016/texmf-dist/tex/latex/amsfonts/umsa.fd
File: umsa.fd 2013/01/14 v3.01 AMS symbols A
)
LaTeX Font Info:    Try loading font information for U+msb on input line 33.

(/usr/local/texlive/2016/texmf-dist/tex/latex/amsfonts/umsb.fd
File: umsb.fd 2013/01/14 v3.01 AMS symbols B
)
\c@sv@footnote=\count129

Underfull \vbox (badness 2617) has occurred while \output is active []

 [1{/usr/local/texlive/2016/texmf-var/fonts/map/pdftex/updmap/pdftex.map}] [2]
Missing character: There is no   in font cmr12!
 [3]
Package epstopdf Info: Source file: <./images/manifolds-examples/manifold-edges
.eps>
(epstopdf)                    date: 2008-09-28 19:21:33
(epstopdf)                    size: 665883 bytes
(epstopdf)             Output file: <./images/manifolds-examples/manifold-edges
-eps-converted-to.pdf>
(epstopdf)                    date: 2017-01-08 15:33:13
(epstopdf)                    size: 29717 bytes
(epstopdf)             Command: <repstopdf --outfile=./images/manifolds-example
s/manifold-edges-eps-converted-to.pdf ./images/manifolds-examples/manifold-edge
s.eps>
(epstopdf)             \includegraphics on input line 161.
Package epstopdf Info: Output file is already uptodate.

<./images/manifolds-examples/manifold-edges-eps-converted-to.pdf, id=21, 459.71
75pt x 228.855pt>
File: ./images/manifolds-examples/manifold-edges-eps-converted-to.pdf Graphic f
ile (type pdf)

<use ./images/manifolds-examples/manifold-edges-eps-converted-to.pdf>
Package pdftex.def Info: ./images/manifolds-examples/manifold-edges-eps-convert
ed-to.pdf used on input line 161.
(pdftex.def)             Requested size: 190.07831pt x 94.62384pt.
Package epstopdf Info: Source file: <./images/manifolds-examples/manifold-textu
res.eps>
(epstopdf)                    date: 2008-09-28 19:23:14
(epstopdf)                    size: 980346 bytes
(epstopdf)             Output file: <./images/manifolds-examples/manifold-textu
res-eps-converted-to.pdf>
(epstopdf)                    date: 2017-01-08 15:33:14
(epstopdf)                    size: 90303 bytes
(epstopdf)             Command: <repstopdf --outfile=./images/manifolds-example
s/manifold-textures-eps-converted-to.pdf ./images/manifolds-examples/manifold-t
extures.eps>
(epstopdf)             \includegraphics on input line 161.
Package epstopdf Info: Output file is already uptodate.

<./images/manifolds-examples/manifold-textures-eps-converted-to.pdf, id=22, 463
.7325pt x 230.8625pt>
File: ./images/manifolds-examples/manifold-textures-eps-converted-to.pdf Graphi
c file (type pdf)

<use ./images/manifolds-examples/manifold-textures-eps-converted-to.pdf>
Package pdftex.def Info: ./images/manifolds-examples/manifold-textures-eps-conv
erted-to.pdf used on input line 161.
(pdftex.def)             Requested size: 190.07831pt x 94.62956pt.

[4 <./images/manifolds-examples/manifold-edges-eps-converted-to.pdf> <./images/
manifolds-examples/manifold-textures-eps-converted-to.pdf>] [5] [6]
<./images/manifold/regular1d/regular1d-function.png, id=55, 474.0912pt x 377.73
12pt>
File: ./images/manifold/regular1d/regular1d-function.png Graphic file (type png
)
 <use ./images/manifold/regular1d/regular1d-function.png>
Package pdftex.def Info: ./images/manifold/regular1d/regular1d-function.png use
d on input line 301.
(pdftex.def)             Requested size: 158.39758pt x 126.20212pt.

<./images/manifold/regular1d/regular1d-manifold.png, id=56, 377.7312pt x 372.91
32pt>
File: ./images/manifold/regular1d/regular1d-manifold.png Graphic file (type png
)
 <use ./images/manifold/regular1d/regular1d-manifold.png>
Package pdftex.def Info: ./images/manifold/regular1d/regular1d-manifold.png use
d on input line 301.
(pdftex.def)             Requested size: 126.7229pt x 125.1045pt.
 [7 <./images/manifold/regular1d/regular1d-function.png (PNG copy)> <./images/m
anifold/regular1d/regular1d-manifold.png (PNG copy)>]
<./images/manifold/regular2d/regular2d-original.png, id=61, 50.1875pt x 50.1875
pt>
File: ./images/manifold/regular2d/regular2d-original.png Graphic file (type png
)
 <use ./images/manifold/regular2d/regular2d-original.png>
Package pdftex.def Info: ./images/manifold/regular2d/regular2d-original.png use
d on input line 326.
(pdftex.def)             Requested size: 110.87952pt x 110.89603pt.

<./images/manifold/regular2d/regular2d-manifold.png, id=62, 508.7808pt x 386.88
54pt>
File: ./images/manifold/regular2d/regular2d-manifold.png Graphic file (type png
)
 <use ./images/manifold/regular2d/regular2d-manifold.png>
Package pdftex.def Info: ./images/manifold/regular2d/regular2d-manifold.png use
d on input line 326.
(pdftex.def)             Requested size: 158.39758pt x 120.44682pt.
Package epstopdf Info: Source file: <./images/manifold-edges/edge-manifold.eps>

(epstopdf)                    date: 2008-09-29 18:51:12
(epstopdf)                    size: 491571 bytes
(epstopdf)             Output file: <./images/manifold-edges/edge-manifold-eps-
converted-to.pdf>
(epstopdf)                    date: 2017-01-08 15:33:14
(epstopdf)                    size: 39876 bytes
(epstopdf)             Command: <repstopdf --outfile=./images/manifold-edges/ed
ge-manifold-eps-converted-to.pdf ./images/manifold-edges/edge-manifold.eps>
(epstopdf)             \includegraphics on input line 358.
Package epstopdf Info: Output file is already uptodate.

<./images/manifold-edges/edge-manifold-eps-converted-to.pdf, id=63, 734.745pt x
 274.02374pt>
File: ./images/manifold-edges/edge-manifold-eps-converted-to.pdf Graphic file (
type pdf)
 <use ./images/manifold-edges/edge-manifold-eps-converted-to.pdf>
Package pdftex.def Info: ./images/manifold-edges/edge-manifold-eps-converted-to
.pdf used on input line 358.
(pdftex.def)             Requested size: 316.80121pt x 118.15404pt.

[8 <./images/manifold/regular2d/regular2d-original.png (PNG copy)> <./images/ma
nifold/regular2d/regular2d-manifold.png (PNG copy)>]
<./images/manifold-edges/cartoon-curves.png, id=67, 353.6412pt x 353.6412pt>
File: ./images/manifold-edges/cartoon-curves.png Graphic file (type png)

<use ./images/manifold-edges/cartoon-curves.png>
Package pdftex.def Info: ./images/manifold-edges/cartoon-curves.png used on inp
ut line 380.
(pdftex.def)             Requested size: 138.60242pt x 138.60481pt.

<./images/manifold-edges/cartoon-manifold.png, id=68, 308.352pt x 298.716pt>
File: ./images/manifold-edges/cartoon-manifold.png Graphic file (type png)

<use ./images/manifold-edges/cartoon-manifold.png>
Package pdftex.def Info: ./images/manifold-edges/cartoon-manifold.png used on i
nput line 380.
(pdftex.def)             Requested size: 158.39758pt x 153.45073pt.

Underfull \vbox (badness 10000) has occurred while \output is active []

 [9 <./images/manifold-edges/edge-manifold-eps-converted-to.pdf> <./images/mani
fold-edges/cartoon-curves.png (PNG copy)> <./images/manifold-edges/cartoon-mani
fold.png (PNG copy)>]
Missing character: There is no   in font cmr12!

<./images/manifold/bird/bird-sound-spectrogram.png, id=86, 471.2004pt x 729.927
pt>
File: ./images/manifold/bird/bird-sound-spectrogram.png Graphic file (type png)

 <use ./images/manifold/bird/bird-sound-spectrogram.png>
Package pdftex.def Info: ./images/manifold/bird/bird-sound-spectrogram.png used
 on input line 440.
(pdftex.def)             Requested size: 146.51807pt x 226.96558pt.

<./images/manifold/bird/bird-manifold.png, id=87, 377.2494pt x 375.804pt>
File: ./images/manifold/bird/bird-manifold.png Graphic file (type png)

<use ./images/manifold/bird/bird-manifold.png>
Package pdftex.def Info: ./images/manifold/bird/bird-manifold.png used on input
 line 440.
(pdftex.def)             Requested size: 225.7229pt x 224.86484pt.

Overfull \hbox (9.09732pt too wide) in paragraph at lines 452--453
\OT1/cmr/m/n/12 as lo-cal os-cil-la-tions. A lo-cally par-al-lel tex-ture is de
-fined as $\OML/cmm/m/it/12 f\OT1/cmr/m/n/12 (\OML/cmm/m/it/12 x\OT1/cmr/m/n/12
 ) = \OML/cmm/m/it/12 A\OT1/cmr/m/n/12 (\OML/cmm/m/it/12 x\OT1/cmr/m/n/12 )\OML
/cmm/m/it/12 h\OT1/cmr/m/n/12 (	(\OML/cmm/m/it/12 x\OT1/cmr/m/n/12 )) +
 []


Overfull \hbox (0.26213pt too wide) in paragraph at lines 452--453
\OML/cmm/m/it/12 B\OT1/cmr/m/n/12 (\OML/cmm/m/it/12 x\OT1/cmr/m/n/12 )$ where $
\OMS/cmsy/m/n/12 r[]\OT1/cmr/m/n/12 	$ con-trols the di-rec-tion and fre-quency
 of the os-cil-la-tions around
 []

[10]
<./images/locpar-approx/fingerprint3-original.png, id=91, 96.36pt x 96.36pt>
File: ./images/locpar-approx/fingerprint3-original.png Graphic file (type png)

<use ./images/locpar-approx/fingerprint3-original.png>
Package pdftex.def Info: ./images/locpar-approx/fingerprint3-original.png used 
on input line 481.
(pdftex.def)             Requested size: 126.7229pt x 126.7221pt.

<./images/locpar-approx/fingerprint3-w12.png, id=92, 96.36pt x 96.36pt>
File: ./images/locpar-approx/fingerprint3-w12.png Graphic file (type png)

<use ./images/locpar-approx/fingerprint3-w12.png>
Package pdftex.def Info: ./images/locpar-approx/fingerprint3-w12.png used on in
put line 481.
(pdftex.def)             Requested size: 126.7229pt x 126.7221pt.

<./images/locpar-approx/fingerprint3-w2.png, id=93, 96.36pt x 96.36pt>
File: ./images/locpar-approx/fingerprint3-w2.png Graphic file (type png)

<use ./images/locpar-approx/fingerprint3-w2.png>
Package pdftex.def Info: ./images/locpar-approx/fingerprint3-w2.png used on inp
ut line 481.
(pdftex.def)             Requested size: 126.7229pt x 126.7221pt.

Overfull \hbox (7.54977pt too wide) in paragraph at lines 481--481
 [] 
 []

[11 <./images/manifold/bird/bird-sound-spectrogram.png (PNG copy)> <./images/ma
nifold/bird/bird-manifold.png (PNG copy)>] [12 <./images/locpar-approx/fingerpr
int3-original.png (PNG copy)> <./images/locpar-approx/fingerprint3-w12.png (PNG
 copy)> <./images/locpar-approx/fingerprint3-w2.png (PNG copy)>] [13]
<./images/dictionary-learning/corral-original.png, id=105, 128.48pt x 128.48pt>
File: ./images/dictionary-learning/corral-original.png Graphic file (type png)
<use ./images/dictionary-learning/corral-original.png>
Package pdftex.def Info: ./images/dictionary-learning/corral-original.png used 
on input line 595.
(pdftex.def)             Requested size: 118.80121pt x 118.80292pt.

<./images/dictionary-learning/corral-dictionary-r02s02.png, id=106, 118.4425pt 
x 78.2925pt>
File: ./images/dictionary-learning/corral-dictionary-r02s02.png Graphic file (t
ype png)
 <use ./images/dictionary-learning/corral-dictionary-r02s02.png>
Package pdftex.def Info: ./images/dictionary-learning/corral-dictionary-r02s02.
png used on input line 595.
(pdftex.def)             Requested size: 182.16266pt x 120.41669pt.

[14 <./images/dictionary-learning/corral-original.png (PNG copy)> <./images/dic
tionary-learning/corral-dictionary-r02s02.png (PNG copy)>] [15] [16] [17]
<./images/inpainting/fnoise/fnoise-mask.png, id=119, 128.48pt x 128.48pt>
File: ./images/inpainting/fnoise/fnoise-mask.png Graphic file (type png)

<use ./images/inpainting/fnoise/fnoise-mask.png>
Package pdftex.def Info: ./images/inpainting/fnoise/fnoise-mask.png used on inp
ut line 754.
(pdftex.def)             Requested size: 95.04218pt x 95.0443pt.

<./images/inpainting/fnoise/fnoise-iter-001.png, id=120, 128.48pt x 128.48pt>
File: ./images/inpainting/fnoise/fnoise-iter-001.png Graphic file (type png)

<use ./images/inpainting/fnoise/fnoise-iter-001.png>
Package pdftex.def Info: ./images/inpainting/fnoise/fnoise-iter-001.png used on
 input line 754.
(pdftex.def)             Requested size: 95.04218pt x 95.0443pt.

<./images/inpainting/fnoise/fnoise-iter-002.png, id=121, 128.48pt x 128.48pt>
File: ./images/inpainting/fnoise/fnoise-iter-002.png Graphic file (type png)

<use ./images/inpainting/fnoise/fnoise-iter-002.png>
Package pdftex.def Info: ./images/inpainting/fnoise/fnoise-iter-002.png used on
 input line 754.
(pdftex.def)             Requested size: 95.04218pt x 95.0443pt.

<./images/inpainting/fnoise/fnoise-iter-150.png, id=122, 128.48pt x 128.48pt>
File: ./images/inpainting/fnoise/fnoise-iter-150.png Graphic file (type png)

<use ./images/inpainting/fnoise/fnoise-iter-150.png>
Package pdftex.def Info: ./images/inpainting/fnoise/fnoise-iter-150.png used on
 input line 754.
(pdftex.def)             Requested size: 95.04218pt x 95.0443pt.

Overfull \hbox (13.24031pt too wide) in paragraph at lines 754--754
 [] 
 []

[18] <./images/inpainting/disk/disk-mask.png, id=126, 128.48pt x 128.48pt>
File: ./images/inpainting/disk/disk-mask.png Graphic file (type png)

<use ./images/inpainting/disk/disk-mask.png>
Package pdftex.def Info: ./images/inpainting/disk/disk-mask.png used on input l
ine 771.
(pdftex.def)             Requested size: 95.04218pt x 95.0443pt.

<./images/inpainting/disk/disk-iter-001.png, id=127, 128.48pt x 128.48pt>
File: ./images/inpainting/disk/disk-iter-001.png Graphic file (type png)

<use ./images/inpainting/disk/disk-iter-001.png>
Package pdftex.def Info: ./images/inpainting/disk/disk-iter-001.png used on inp
ut line 771.
(pdftex.def)             Requested size: 95.04218pt x 95.0443pt.

<./images/inpainting/disk/disk-iter-002.png, id=128, 128.48pt x 128.48pt>
File: ./images/inpainting/disk/disk-iter-002.png Graphic file (type png)

<use ./images/inpainting/disk/disk-iter-002.png>
Package pdftex.def Info: ./images/inpainting/disk/disk-iter-002.png used on inp
ut line 771.
(pdftex.def)             Requested size: 95.04218pt x 95.0443pt.

<./images/inpainting/disk/disk-iter-013.png, id=129, 128.48pt x 128.48pt>
File: ./images/inpainting/disk/disk-iter-013.png Graphic file (type png)

<use ./images/inpainting/disk/disk-iter-013.png>
Package pdftex.def Info: ./images/inpainting/disk/disk-iter-013.png used on inp
ut line 771.
(pdftex.def)             Requested size: 95.04218pt x 95.0443pt.

Overfull \hbox (13.24031pt too wide) in paragraph at lines 771--771
 [] 
 []


<./images/compressive-sampling/disk/disk-iter-001.png, id=130, 128.48pt x 128.4
8pt>
File: ./images/compressive-sampling/disk/disk-iter-001.png Graphic file (type p
ng)
 <use ./images/compressive-sampling/disk/disk-iter-001.png>
Package pdftex.def Info: ./images/compressive-sampling/disk/disk-iter-001.png u
sed on input line 785.
(pdftex.def)             Requested size: 95.04218pt x 95.0443pt.

<./images/compressive-sampling/disk/disk-iter-002.png, id=131, 128.48pt x 128.4
8pt>
File: ./images/compressive-sampling/disk/disk-iter-002.png Graphic file (type p
ng)
 <use ./images/compressive-sampling/disk/disk-iter-002.png>
Package pdftex.def Info: ./images/compressive-sampling/disk/disk-iter-002.png u
sed on input line 785.
(pdftex.def)             Requested size: 95.04218pt x 95.0443pt.

<./images/compressive-sampling/disk/disk-iter-003.png, id=132, 128.48pt x 128.4
8pt>
File: ./images/compressive-sampling/disk/disk-iter-003.png Graphic file (type p
ng)
 <use ./images/compressive-sampling/disk/disk-iter-003.png>
Package pdftex.def Info: ./images/compressive-sampling/disk/disk-iter-003.png u
sed on input line 785.
(pdftex.def)             Requested size: 95.04218pt x 95.0443pt.

<./images/compressive-sampling/disk/disk-iter-019.png, id=133, 128.48pt x 128.4
8pt>
File: ./images/compressive-sampling/disk/disk-iter-019.png Graphic file (type p
ng)
 <use ./images/compressive-sampling/disk/disk-iter-019.png>
Package pdftex.def Info: ./images/compressive-sampling/disk/disk-iter-019.png u
sed on input line 785.
(pdftex.def)             Requested size: 95.04218pt x 95.0443pt.

Overfull \hbox (13.24031pt too wide) in paragraph at lines 785--785
 [] 
 []

[19 <./images/inpainting/fnoise/fnoise-mask.png (PNG copy)> <./images/inpaintin
g/fnoise/fnoise-iter-001.png (PNG copy)> <./images/inpainting/fnoise/fnoise-ite
r-002.png (PNG copy)> <./images/inpainting/fnoise/fnoise-iter-150.png (PNG copy
)> <./images/inpainting/disk/disk-mask.png (PNG copy)> <./images/inpainting/dis
k/disk-iter-001.png (PNG copy)> <./images/inpainting/disk/disk-iter-002.png (PN
G copy)> <./images/inpainting/disk/disk-iter-013.png (PNG copy)> <./images/comp
ressive-sampling/disk/disk-iter-001.png (PNG copy)> <./images/compressive-sampl
ing/disk/disk-iter-002.png (PNG copy)> <./images/compressive-sampling/disk/disk
-iter-003.png (PNG copy)> <./images/compressive-sampling/disk/disk-iter-019.png
 (PNG copy)>]
<./images/compressive-sampling/geometrical/geometrical-original.png, id=138, 12
8.48pt x 128.48pt>
File: ./images/compressive-sampling/geometrical/geometrical-original.png Graphi
c file (type png)

<use ./images/compressive-sampling/geometrical/geometrical-original.png>
Package pdftex.def Info: ./images/compressive-sampling/geometrical/geometrical-
original.png used on input line 806.
(pdftex.def)             Requested size: 126.7229pt x 126.72507pt.

<./images/compressive-sampling/geometrical/geometrical-wavelets.png, id=139, 12
8.48pt x 128.48pt>
File: ./images/compressive-sampling/geometrical/geometrical-wavelets.png Graphi
c file (type png)

<use ./images/compressive-sampling/geometrical/geometrical-wavelets.png>
Package pdftex.def Info: ./images/compressive-sampling/geometrical/geometrical-
wavelets.png used on input line 806.
(pdftex.def)             Requested size: 126.7229pt x 126.72507pt.

<./images/compressive-sampling/geometrical/geometrical-manifold.png, id=140, 12
8.48pt x 128.48pt>
File: ./images/compressive-sampling/geometrical/geometrical-manifold.png Graphi
c file (type png)

<use ./images/compressive-sampling/geometrical/geometrical-manifold.png>
Package pdftex.def Info: ./images/compressive-sampling/geometrical/geometrical-
manifold.png used on input line 806.
(pdftex.def)             Requested size: 126.7229pt x 126.72507pt.

Overfull \hbox (7.54977pt too wide) in paragraph at lines 806--806
 [] 
 []


<./images/locpar-inpainting/fingerprint3-iter1.png, id=141, 100.375pt x 100.375
pt>
File: ./images/locpar-inpainting/fingerprint3-iter1.png Graphic file (type png)

 <use ./images/locpar-inpainting/fingerprint3-iter1.png>
Package pdftex.def Info: ./images/locpar-inpainting/fingerprint3-iter1.png used
 on input line 824.
(pdftex.def)             Requested size: 95.04218pt x 95.04784pt.

<./images/locpar-inpainting/fingerprint3-iter2.png, id=142, 100.375pt x 100.375
pt>
File: ./images/locpar-inpainting/fingerprint3-iter2.png Graphic file (type png)

 <use ./images/locpar-inpainting/fingerprint3-iter2.png>
Package pdftex.def Info: ./images/locpar-inpainting/fingerprint3-iter2.png used
 on input line 824.
(pdftex.def)             Requested size: 95.04218pt x 95.04784pt.

<./images/locpar-inpainting/fingerprint3-iter5.png, id=143, 100.375pt x 100.375
pt>
File: ./images/locpar-inpainting/fingerprint3-iter5.png Graphic file (type png)

 <use ./images/locpar-inpainting/fingerprint3-iter5.png>
Package pdftex.def Info: ./images/locpar-inpainting/fingerprint3-iter5.png used
 on input line 824.
(pdftex.def)             Requested size: 95.04218pt x 95.04784pt.

<./images/locpar-inpainting/fingerprint3-final.png, id=144, 100.375pt x 100.375
pt>
File: ./images/locpar-inpainting/fingerprint3-final.png Graphic file (type png)

 <use ./images/locpar-inpainting/fingerprint3-final.png>
Package pdftex.def Info: ./images/locpar-inpainting/fingerprint3-final.png used
 on input line 824.
(pdftex.def)             Requested size: 95.04218pt x 95.04784pt.

Overfull \hbox (4.70448pt too wide) in paragraph at lines 824--824
 [] 
 []

<./images/locpar-cs/fingerprint3-original.png, id=145, 100.375pt x 100.375pt>
File: ./images/locpar-cs/fingerprint3-original.png Graphic file (type png)

<use ./images/locpar-cs/fingerprint3-original.png>
Package pdftex.def Info: ./images/locpar-cs/fingerprint3-original.png used on i
nput line 838.
(pdftex.def)             Requested size: 126.7229pt x 126.73198pt.

<./images/locpar-cs/fingerprint3-spars.png, id=146, 100.375pt x 100.375pt>
File: ./images/locpar-cs/fingerprint3-spars.png Graphic file (type png)

<use ./images/locpar-cs/fingerprint3-spars.png>
Package pdftex.def Info: ./images/locpar-cs/fingerprint3-spars.png used on inpu
t line 838.
(pdftex.def)             Requested size: 126.7229pt x 126.73198pt.

<./images/locpar-cs/fingerprint3-manifold.png, id=147, 100.375pt x 100.375pt>
File: ./images/locpar-cs/fingerprint3-manifold.png Graphic file (type png)

<use ./images/locpar-cs/fingerprint3-manifold.png>
Package pdftex.def Info: ./images/locpar-cs/fingerprint3-manifold.png used on i
nput line 838.
(pdftex.def)             Requested size: 126.7229pt x 126.73198pt.

Overfull \hbox (7.54977pt too wide) in paragraph at lines 838--838
 [] 
 []

[20 <./images/compressive-sampling/geometrical/geometrical-original.png (PNG co
py)> <./images/compressive-sampling/geometrical/geometrical-wavelets.png (PNG c
opy)> <./images/compressive-sampling/geometrical/geometrical-manifold.png>]
<./images/compressive-sampling/reptilskin/reptilskin-original.png, id=151, 100.
375pt x 100.375pt>
File: ./images/compressive-sampling/reptilskin/reptilskin-original.png Graphic 
file (type png)

<use ./images/compressive-sampling/reptilskin/reptilskin-original.png>
Package pdftex.def Info: ./images/compressive-sampling/reptilskin/reptilskin-or
iginal.png used on input line 856.
(pdftex.def)             Requested size: 95.04218pt x 95.04784pt.

<./images/compressive-sampling/reptilskin/reptilskin-iter-001.png, id=152, 100.
375pt x 100.375pt>
File: ./images/compressive-sampling/reptilskin/reptilskin-iter-001.png Graphic 
file (type png)

<use ./images/compressive-sampling/reptilskin/reptilskin-iter-001.png>
Package pdftex.def Info: ./images/compressive-sampling/reptilskin/reptilskin-it
er-001.png used on input line 856.
(pdftex.def)             Requested size: 95.04218pt x 95.04784pt.

<./images/compressive-sampling/reptilskin/reptilskin-iter-002.png, id=153, 100.
375pt x 100.375pt>
File: ./images/compressive-sampling/reptilskin/reptilskin-iter-002.png Graphic 
file (type png)

<use ./images/compressive-sampling/reptilskin/reptilskin-iter-002.png>
Package pdftex.def Info: ./images/compressive-sampling/reptilskin/reptilskin-it
er-002.png used on input line 856.
(pdftex.def)             Requested size: 95.04218pt x 95.04784pt.

<./images/compressive-sampling/reptilskin/reptilskin-iter-010.png, id=154, 100.
375pt x 100.375pt>
File: ./images/compressive-sampling/reptilskin/reptilskin-iter-010.png Graphic 
file (type png)

<use ./images/compressive-sampling/reptilskin/reptilskin-iter-010.png>
Package pdftex.def Info: ./images/compressive-sampling/reptilskin/reptilskin-it
er-010.png used on input line 856.
(pdftex.def)             Requested size: 95.04218pt x 95.04784pt.

Overfull \hbox (13.24031pt too wide) in paragraph at lines 856--856
 [] 
 []

[21 <./images/locpar-inpainting/fingerprint3-iter1.png (PNG copy)> <./images/lo
cpar-inpainting/fingerprint3-iter2.png (PNG copy)> <./images/locpar-inpainting/
fingerprint3-iter5.png (PNG copy)> <./images/locpar-inpainting/fingerprint3-fin
al.png (PNG copy)> <./images/locpar-cs/fingerprint3-original.png (PNG copy)> <.
/images/locpar-cs/fingerprint3-spars.png (PNG copy)> <./images/locpar-cs/finger
print3-manifold.png (PNG copy)> <./images/compressive-sampling/reptilskin/repti
lskin-original.png (PNG copy)> <./images/compressive-sampling/reptilskin/reptil
skin-iter-001.png (PNG copy)> <./images/compressive-sampling/reptilskin/reptils
kin-iter-002.png (PNG copy)> <./images/compressive-sampling/reptilskin/reptilsk
in-iter-010.png (PNG copy)>]
<./images/inpainting/corral/corral-mask.png, id=158, 128.48pt x 128.48pt>
File: ./images/inpainting/corral/corral-mask.png Graphic file (type png)

<use ./images/inpainting/corral/corral-mask.png>
Package pdftex.def Info: ./images/inpainting/corral/corral-mask.png used on inp
ut line 871.
(pdftex.def)             Requested size: 126.7229pt x 126.72507pt.

<./images/inpainting/corral/corral-wavelets.png, id=159, 128.48pt x 128.48pt>
File: ./images/inpainting/corral/corral-wavelets.png Graphic file (type png)

<use ./images/inpainting/corral/corral-wavelets.png>
Package pdftex.def Info: ./images/inpainting/corral/corral-wavelets.png used on
 input line 871.
(pdftex.def)             Requested size: 126.7229pt x 126.72507pt.

<./images/inpainting/corral/corral-manifold.png, id=160, 128.48pt x 128.48pt>
File: ./images/inpainting/corral/corral-manifold.png Graphic file (type png)

<use ./images/inpainting/corral/corral-manifold.png>
Package pdftex.def Info: ./images/inpainting/corral/corral-manifold.png used on
 input line 871.
(pdftex.def)             Requested size: 126.7229pt x 126.72507pt.

Overfull \hbox (7.24031pt too wide) in paragraph at lines 871--871
 [] 
 []

(./CVIU-Peyre-ManifoldModels.bbl [22 <./images/inpainting/corral/corral-mask.pn
g (PNG copy)> <./images/inpainting/corral/corral-wavelets.png (PNG copy)> <./im
ages/inpainting/corral/corral-manifold.png (PNG copy)>]
Missing character: There is no – in font cmr10!
 [23] [24]
Underfull \hbox (badness 5288) in paragraph at lines 206--209
\OT1/cmr/m/n/10.95 B. Torr^^Sesani, Asymp-totic wavelet and ga-bor anal-y-sis: 
ex-trac-tion of
 []

[25]
Underfull \hbox (badness 10000) in paragraph at lines 229--232
[]\OT1/cmr/m/n/10.95 P. Tseng, Con-ver-gence of a
 []

) [26] (./CVIU-Peyre-ManifoldModels.aux) ) 
Here is how much of TeX's memory you used:
 3717 strings out of 493014
 55219 string characters out of 6133351
 108193 words of memory out of 5000000
 7127 multiletter control sequences out of 15000+600000
 16538 words of font info for 67 fonts, out of 8000000 for 9000
 1141 hyphenation exceptions out of 8191
 42i,13n,26p,970b,334s stack positions out of 5000i,500n,10000p,200000b,80000s
</usr/local/texlive/2016/texmf-dist/f
onts/type1/public/amsfonts/cm/cmbx10.pfb></usr/local/texlive/2016/texmf-dist/fo
nts/type1/public/amsfonts/cm/cmbx12.pfb></usr/local/texlive/2016/texmf-dist/fon
ts/type1/public/amsfonts/cm/cmex10.pfb></usr/local/texlive/2016/texmf-dist/font
s/type1/public/amsfonts/cm/cmmi10.pfb></usr/local/texlive/2016/texmf-dist/fonts
/type1/public/amsfonts/cm/cmmi12.pfb></usr/local/texlive/2016/texmf-dist/fonts/
type1/public/amsfonts/cm/cmmi6.pfb></usr/local/texlive/2016/texmf-dist/fonts/ty
pe1/public/amsfonts/cm/cmmi8.pfb></usr/local/texlive/2016/texmf-dist/fonts/type
1/public/amsfonts/cm/cmr10.pfb></usr/local/texlive/2016/texmf-dist/fonts/type1/
public/amsfonts/cm/cmr12.pfb></usr/local/texlive/2016/texmf-dist/fonts/type1/pu
blic/amsfonts/cm/cmr6.pfb></usr/local/texlive/2016/texmf-dist/fonts/type1/publi
c/amsfonts/cm/cmr8.pfb></usr/local/texlive/2016/texmf-dist/fonts/type1/public/a
msfonts/cm/cmsl10.pfb></usr/local/texlive/2016/texmf-dist/fonts/type1/public/am
sfonts/cm/cmsy10.pfb></usr/local/texlive/2016/texmf-dist/fonts/type1/public/ams
fonts/cm/cmsy8.pfb></usr/local/texlive/2016/texmf-dist/fonts/type1/public/amsfo
nts/cm/cmti10.pfb></usr/local/texlive/2016/texmf-dist/fonts/type1/public/amsfon
ts/cm/cmti12.pfb></usr/local/texlive/2016/texmf-dist/fonts/type1/public/amsfont
s/cm/cmtt10.pfb></usr/local/texlive/2016/texmf-dist/fonts/type1/public/amsfonts
/symbols/msam10.pfb></usr/local/texlive/2016/texmf-dist/fonts/type1/public/amsf
onts/symbols/msbm10.pfb>
Output written on CVIU-Peyre-ManifoldModels.pdf (26 pages, 1216744 bytes).
PDF statistics:
 236 PDF objects out of 1000 (max. 8388607)
 132 compressed objects within 2 object streams
 0 named destinations out of 1000 (max. 500000)
 226 words of extra memory for PDF output out of 10000 (max. 10000000)

